<?xml version="1.0" encoding="UTF-8"?>
<testsuite name="com.bridgelabz.generics.TestMaximum" tests="1" skipped="0" failures="0" errors="0" timestamp="2020-02-28T10:22:56" hostname="admin1-desktop" time="0.001">
  <properties/>
  <testcase name="givenMaxNumberAtFirstPosition_WhenProper_ShouldReturnTrue" classname="com.bridgelabz.generics.TestMaximum" time="0.001"/>
  <system-out><![CDATA[]]></system-out>
  <system-err><![CDATA[]]></system-err>
</testsuite>
